<?xml version="1.0" encoding="UTF-8"?>
<!-- Generated by org.testng.reporters.JUnitReportReporter -->
<testsuite skipped="0" hostname="LAPTOP-7VAF8M0M" name="scripts.loginScript" tests="1" failures="0" timestamp="2023-03-14T09:26:18 IST" time="28.171" errors="0">
  <testcase name="loginScript" time="28.171" classname="scripts.loginScript"/>
  <system-out/>
</testsuite> <!-- scripts.loginScript -->
