<?xml version="1.0" encoding="UTF-8"?>
<!-- Generated by org.testng.reporters.JUnitReportReporter -->
<testsuite skipped="0" hostname="LAPTOP-7VAF8M0M" name="scripts.addUserScript" tests="1" failures="0" timestamp="2023-03-13T10:00:56 IST" time="30.978" errors="0">
  <testcase name="adduserScript" time="30.978" classname="scripts.addUserScript"/>
  <system-out/>
</testsuite> <!-- scripts.addUserScript -->
